Jun 12 21:05 : exception: Failed to open '/home/arjun/.config/mpd/mpd_state': No such file or directory
Jun 12 21:05 : update: added Anime/asphyxia.mp3
Jun 12 21:05 : update: added Anime/Black_Catcher.mp3
Jun 12 21:05 : update: added Anime/Black_Rover.mp3
Jun 12 21:05 : update: added Anime/boruto song.mp3
Jun 12 21:05 : update: added Anime/crossing_field.mp3
Jun 12 21:05 : update: added Anime/Gurenge (Demon Slayer) - Remix.mp3
Jun 12 21:05 : update: added Anime/Gurenge.mp3
Jun 12 21:05 : update: added Anime/Haikyuu OP song 1.mp3
Jun 12 21:05 : update: added Anime/Just_Awake.mp3
Jun 12 21:05 : update: added Anime/Kaikai_Kitan.mp3
Jun 12 21:05 : update: added Anime/kawaki wo ameku.mp3
Jun 12 21:05 : update: added Anime/Kimi_No_Toriko.mp3
Jun 12 21:05 : update: added Anime/KISS_OF_DEATH_Produced_by_HYDE_.mp3
Jun 12 21:05 : update: added Anime/Let_Me_Hear.mp3
Jun 12 21:05 : update: added Anime/Mrs Green Apple Inferno_.mp3
Jun 12 21:05 : update: added Anime/unravel.mp3
Jun 12 21:05 : update: added Anime/Untitled_world.mp3
Jun 12 21:05 : update: added Anime/Yoru ni Kakeru.mp3
Jun 12 21:05 : update: added Metal/Avenged Sevenfold/Critical_Acclaim.mp3
Jun 12 21:05 : update: added Metal/Avenged Sevenfold/Hail_to_the_King.mp3
Jun 12 21:05 : update: added Metal/Avenged Sevenfold/M_I_A_.mp3
Note: Illegal Audio-MPEG-Header 0x00000000 at offset 57087.
Note: Trying to resync...
Note: Hit end of (available) data during resync.
Jun 12 21:05 : mpg123: mpg123_getformat() failed: Message: I am done with this track.
Jun 12 21:05 : ffmpeg/mp3: Format mp3 detected only with low score of 24, misdetection possible!
Jun 12 21:05 : ffmpeg/mp3: Failed to read frame size: Could not seek to 1151.
Jun 12 21:05 : update: added Metal/Back_In_Black.mp3
Jun 12 21:05 : update: added Metal/On My Own.mp3
Jun 12 21:05 : update: added Metal/Requiem.mp3
Jun 12 21:05 : update: added Metal/The_Sin_and_the_Sentence.mp3
Jun 12 21:05 : update: added /Nyu.mp3
Jun 12 21:05 : update: added Pop/Blank_Space.mp3
Jun 12 21:05 : update: added Pop/Blinding_Lights.mp3
Jun 12 21:05 : update: added Pop/Cradles.mp3
Jun 12 21:05 : update: added Pop/Everyday_Normal_Guy_2.mp3
Jun 12 21:05 : update: added Pop/Heat_Waves.mp3
Jun 12 21:05 : update: added Pop/INDUSTRY_BABY__feat__Jack_Harlow_.mp3
Jun 12 21:05 : update: added Pop/I_Knew_You_Were_Trouble_.mp3
Jun 12 21:05 : update: added Pop/Love_The_Way_You_Lie__Part_II____Pt__2.mp3
Jun 12 21:05 : update: added Pop/MONTERO__Call_Me_By_Your_Name_.mp3
Jun 12 21:05 : update: added Pop/Seven You.mp3
Jun 12 21:05 : update: added Pop/Shake_It_Off.mp3
Jun 12 21:05 : update: added Pop/STAY (with Justin Bieber).mp3
Jun 12 21:05 : update: added Pop/SugarCrash_.mp3
Jun 12 21:05 : update: added Pop/The_Search.mp3
Jun 12 21:05 : update: added Pop/This_Love__Taylor_s_Version_.mp3
Jun 12 21:05 : update: added Pop/Toxic.mp3
Jun 12 21:05 : update: added Pop/Wildest_Dreams__Taylor_s_Version_.mp3
Jun 12 21:05 : update: added This_Is_Polyphia/40oz.mp3
Jun 12 21:05 : update: added This_Is_Polyphia/Champagne.mp3
Jun 12 21:05 : update: added This_Is_Polyphia/Goose.mp3
Jun 12 21:05 : update: added This_Is_Polyphia/G_O_A_T_.mp3
Note: Illegal Audio-MPEG-Header 0x00000000 at offset 64538.
Note: Trying to resync...
Note: Hit end of (available) data during resync.
Jun 12 21:05 : mpg123: mpg123_getformat() failed: Message: I am done with this track.
Jun 12 21:05 : ffmpeg/mp3: Format mp3 detected only with low score of 24, misdetection possible!
Jun 12 21:05 : ffmpeg/mp3: Failed to read frame size: Could not seek to 1151.
Jun 12 21:08 : exception: Failed to open '/home/arjun/.config/mpd/mpd_state': No such file or directory
Jun 12 21:18 : exception: Failed to open '/home/arjun/.config/mpd/mpd_state': No such file or directory
Jun 12 21:30 : exception: Failed to open '/home/arjun/.config/mpd/mpd_state': No such file or directory
Jun 12 21:32 : exception: Failed to open '/home/arjun/.config/mpd/mpd_state': No such file or directory
Jun 12 21:34 : exception: Failed to commit /home/arjun/.config/mpd/mpd_state: File exists
Jun 12 21:34 : exception: Failed to commit /home/arjun/.config/mpd/mpd_state: File exists
Note: Illegal Audio-MPEG-Header 0x00000000 at offset 57087.
Note: Trying to resync...
Note: Hit end of (available) data during resync.
Jun 12 21:40 : mpg123: mpg123_getformat() failed: Message: I am done with this track.
Jun 12 21:40 : ffmpeg/mp3: Format mp3 detected only with low score of 24, misdetection possible!
Jun 12 21:40 : ffmpeg/mp3: Failed to read frame size: Could not seek to 1151.
Note: Illegal Audio-MPEG-Header 0x00000000 at offset 64538.
Note: Trying to resync...
Note: Hit end of (available) data during resync.
Jun 12 21:40 : mpg123: mpg123_getformat() failed: Message: I am done with this track.
Jun 12 21:40 : ffmpeg/mp3: Format mp3 detected only with low score of 24, misdetection possible!
Jun 12 21:40 : ffmpeg/mp3: Failed to read frame size: Could not seek to 1151.
Jun 12 21:40 : exception: Bad song index
Jun 12 21:40 : exception: Bad song index
Jun 12 21:40 : exception: Bad song index
Jun 12 21:43 : player: played "Anime/Mrs Green Apple Inferno_.mp3"
Jun 12 21:46 : player: played "Anime/Mrs Green Apple Inferno_.mp3"
Jun 12 21:48 : player: played "Anime/Just_Awake.mp3"
Jun 12 21:57 : player: played "Anime/Black_Catcher.mp3"
Jun 12 21:59 : player: played "Anime/Black_Catcher.mp3"
Jun 12 22:00 : player: played "Anime/Black_Catcher.mp3"
Jun 12 22:04 : player: played "Anime/Black_Catcher.mp3"
Jun 12 22:05 : player: played "Anime/unravel.mp3"
Jun 12 22:05 : player: played "Anime/Kaikai_Kitan.mp3"
WARNING: Unhandled message: interface=org.freedesktop.DBus, path=/org/freedesktop/DBus, member=ActivatableServicesChanged
WARNING: Unhandled message: interface=org.freedesktop.DBus, path=/org/freedesktop/DBus, member=ActivatableServicesChanged
WARNING: Unhandled message: interface=org.freedesktop.DBus, path=/org/freedesktop/DBus, member=ActivatableServicesChanged
Jun 14 14:47 : player: played "Anime/Kaikai_Kitan.mp3"
Jun 14 18:12 : player: played "Anime/Kaikai_Kitan.mp3"
Jun 14 18:24 : player: played "Anime/Kaikai_Kitan.mp3"
Jun 14 18:28 : player: played "Anime/Kaikai_Kitan.mp3"
Jun 14 18:31 : player: played "Anime/crossing_field.mp3"
WARNING: Unhandled message: interface=org.freedesktop.DBus, path=/org/freedesktop/DBus, member=ActivatableServicesChanged
WARNING: Unhandled message: interface=org.freedesktop.DBus, path=/org/freedesktop/DBus, member=ActivatableServicesChanged
WARNING: Unhandled message: interface=org.freedesktop.DBus, path=/org/freedesktop/DBus, member=ActivatableServicesChanged
WARNING: Unhandled message: interface=org.freedesktop.DBus, path=/org/freedesktop/DBus, member=ActivatableServicesChanged
Jun 15 21:03 : player: played "Anime/crossing_field.mp3"
Jun 16 10:41 : player: played "Anime/crossing_field.mp3"
Jun 16 10:42 : pipewire_output: Decoder is too slow; playing silence to avoid xrun
Jun 16 10:42 : player: played "Anime/boruto song.mp3"
Jun 16 10:46 : player: played "Anime/boruto song.mp3"
Jun 16 10:49 : player: played "Anime/boruto song.mp3"
Jun 16 11:00 : player: played "Anime/boruto song.mp3"
Jun 16 12:37 : pipewire_output: Decoder is too slow; playing silence to avoid xrun
Jun 16 14:11 : player: played "Anime/boruto song.mp3"
Jun 16 14:15 : player: played "Anime/Untitled_world.mp3"
Jun 16 14:19 : player: played "Anime/Black_Rover.mp3"
Jun 16 14:23 : player: played "Anime/kawaki wo ameku.mp3"
Jun 16 14:30 : player: played "Anime/Yoru ni Kakeru.mp3"
Jun 16 14:35 : player: played "Anime/Haikyuu OP song 1.mp3"
Jun 16 14:39 : player: played "Metal/Back_In_Black.mp3"
Jun 16 14:43 : player: played "Metal/Requiem.mp3"
Jun 16 14:49 : player: played "Metal/The_Sin_and_the_Sentence.mp3"
Jun 16 14:52 : player: played "Metal/On My Own.mp3"
Jun 16 14:58 : player: played "Metal/Avenged Sevenfold/Critical_Acclaim.mp3"
Jun 16 15:07 : player: played "Metal/Avenged Sevenfold/M_I_A_.mp3"
Jun 16 15:12 : player: played "Metal/Avenged Sevenfold/Hail_to_the_King.mp3"
Jun 16 15:14 : player: played "Pop/Blank_Space.mp3"
Jun 16 18:04 : exception: Access denied
Jun 16 18:04 : exception: Access denied
Jun 16 18:10 : player: played "Pop/Blank_Space.mp3"
Jun 16 18:15 : pipewire_output: Decoder is too slow; playing silence to avoid xrun
Jun 16 18:18 : player: played "Pop/Blinding_Lights.mp3"
Jun 16 18:22 : player: played "Pop/Cradles.mp3"
Jun 16 18:26 : player: played "Pop/Heat_Waves.mp3"
Jun 16 18:29 : player: played "Pop/INDUSTRY_BABY__feat__Jack_Harlow_.mp3"
Jun 16 21:14 : player: played "Metal/Requiem.mp3"
Jun 17 02:45 : player: played "Metal/Requiem.mp3"
Jun 17 02:54 : player: played "Metal/Requiem.mp3"
Jun 16 22:08 : player: played "Metal/Requiem.mp3"
Jun 17 06:03 : player: played "Metal/Requiem.mp3"
WARNING: Unhandled message: interface=org.freedesktop.DBus, path=/org/freedesktop/DBus, member=ActivatableServicesChanged
WARNING: Unhandled message: interface=org.freedesktop.DBus, path=/org/freedesktop/DBus, member=ActivatableServicesChanged
WARNING: Unhandled message: interface=org.freedesktop.DBus, path=/org/freedesktop/DBus, member=ActivatableServicesChanged
WARNING: Unhandled message: interface=org.freedesktop.DBus, path=/org/freedesktop/DBus, member=ActivatableServicesChanged
WARNING: Unhandled message: interface=org.freedesktop.DBus, path=/org/freedesktop/DBus, member=ActivatableServicesChanged
WARNING: Unhandled message: interface=org.freedesktop.DBus, path=/org/freedesktop/DBus, member=ActivatableServicesChanged
WARNING: Unhandled message: interface=org.freedesktop.DBus, path=/org/freedesktop/DBus, member=ActivatableServicesChanged
Jun 17 12:25 : pipewire_output: Decoder is too slow; playing silence to avoid xrun
Jun 17 12:25 : player: played "Metal/Requiem.mp3"
Jun 17 12:33 : player: played "Metal/Back_In_Black.mp3"
Jun 17 12:35 : output: Failed to play on "pulse audio" (pulse): disconnected
Jun 17 12:35 : player: played "Anime/Yoru ni Kakeru.mp3"
Jun 17 12:40 : player: played "Anime/Yoru ni Kakeru.mp3"
Jun 17 14:27 : player: played "Anime/Haikyuu OP song 1.mp3"
Jun 17 18:35 : player: played "Anime/Haikyuu OP song 1.mp3"
Jun 17 22:00 : player: played "Anime/Haikyuu OP song 1.mp3"
Jun 18 14:12 : player: played "Anime/Haikyuu OP song 1.mp3"
Jun 18 17:00 : player: played "Anime/Haikyuu OP song 1.mp3"
Jun 18 19:34 : player: played "Anime/Haikyuu OP song 1.mp3"
Jun 18 19:36 : player: played "Anime/Haikyuu OP song 1.mp3"
Jun 18 19:44 : player: played "Anime/Haikyuu OP song 1.mp3"
Jun 18 20:11 : player: played "Anime/Haikyuu OP song 1.mp3"
Jun 18 20:15 : player: played "Anime/Haikyuu OP song 1.mp3"
Jun 18 20:18 : player: played "Anime/Haikyuu OP song 1.mp3"
Jun 18 20:19 : player: played "Anime/Haikyuu OP song 1.mp3"
Jun 18 20:25 : player: played "Anime/Haikyuu OP song 1.mp3"
Jun 18 21:04 : player: played "Anime/Haikyuu OP song 1.mp3"
Jun 18 21:07 : player: played "Anime/Haikyuu OP song 1.mp3"
Jun 19 05:15 : player: played "Anime/Haikyuu OP song 1.mp3"
Jun 19 09:27 : player: played "Anime/Haikyuu OP song 1.mp3"
Jun 19 09:37 : player: played "Anime/Haikyuu OP song 1.mp3"
Jun 19 13:59 : player: played "Anime/Haikyuu OP song 1.mp3"
Jun 19 18:38 : player: played "Anime/Haikyuu OP song 1.mp3"
Jun 19 18:39 : player: played "Anime/Haikyuu OP song 1.mp3"
Jun 19 18:40 : player: played "Anime/Haikyuu OP song 1.mp3"
Jun 19 18:42 : player: played "Anime/Haikyuu OP song 1.mp3"
Jun 19 18:45 : player: played "Anime/Haikyuu OP song 1.mp3"
Jun 19 18:51 : player: played "Anime/Haikyuu OP song 1.mp3"
Jun 19 18:52 : player: played "Anime/Haikyuu OP song 1.mp3"
Jun 19 18:54 : player: played "Anime/Haikyuu OP song 1.mp3"
Jun 19 19:15 : player: played "Anime/Haikyuu OP song 1.mp3"
Jun 19 19:26 : player: played "Anime/Haikyuu OP song 1.mp3"
Jun 19 19:35 : player: played "Anime/Haikyuu OP song 1.mp3"
Jun 19 19:55 : player: played "Anime/Haikyuu OP song 1.mp3"
Jun 19 20:04 : player: played "Anime/Haikyuu OP song 1.mp3"
Jun 19 22:03 : player: played "Anime/Haikyuu OP song 1.mp3"
Jun 20 09:33 : player: played "Anime/Haikyuu OP song 1.mp3"
Jun 20 14:43 : player: played "Anime/Haikyuu OP song 1.mp3"
Jun 21 15:08 : player: played "Anime/Haikyuu OP song 1.mp3"
Jun 22 15:27 : player: played "Anime/Haikyuu OP song 1.mp3"
Jun 22 22:07 : player: played "Anime/Haikyuu OP song 1.mp3"
WARNING: Unhandled message: interface=org.freedesktop.DBus, path=/org/freedesktop/DBus, member=ActivatableServicesChanged
WARNING: Unhandled message: interface=org.freedesktop.DBus, path=/org/freedesktop/DBus, member=ActivatableServicesChanged
WARNING: Unhandled message: interface=org.freedesktop.DBus, path=/org/freedesktop/DBus, member=ActivatableServicesChanged
WARNING: Unhandled message: interface=org.freedesktop.DBus, path=/org/freedesktop/DBus, member=ActivatableServicesChanged
Jun 23 11:16 : player: played "Anime/Haikyuu OP song 1.mp3"
Jun 23 22:11 : player: played "Anime/Haikyuu OP song 1.mp3"
Jun 24 17:53 : player: played "Anime/Haikyuu OP song 1.mp3"
Jun 24 22:02 : player: played "Anime/Haikyuu OP song 1.mp3"
Jun 25 11:02 : player: played "Anime/Yoru ni Kakeru.mp3"
Jun 25 11:07 : player: played "Anime/Haikyuu OP song 1.mp3"
