Aug 30 20:45 : exception: Failed to open '/home/arjun/.config/mpd/mpd_state': No such file or directory
Aug 30 20:54 : exception: Failed to open /home/arjun/.config/mpd/playlists: No such file or directory
Aug 30 20:54 : exception: Failed to open /home/arjun/.config/mpd/playlists: No such file or directory
Aug 30 20:54 : exception: Failed to open /home/arjun/.config/mpd/playlists: No such file or directory
Aug 30 20:54 : exception: Failed to open /home/arjun/.config/mpd/playlists: No such file or directory
Aug 30 20:54 : exception: Failed to open /home/arjun/.config/mpd/playlists: No such file or directory
Aug 30 20:54 : exception: Failed to open /home/arjun/.config/mpd/playlists: No such file or directory
Aug 30 20:54 : exception: Failed to open /home/arjun/.config/mpd/playlists: No such file or directory
Aug 30 20:57 : exception: Failed to open /home/arjun/.config/mpd/playlists: No such file or directory
Aug 30 20:59 : player: played "Metal/Requiem.mp3"
Aug 30 21:17 : player: played "Anime/kawaki wo ameku.mp3"
Aug 30 21:20 : player: played "Metal/On My Own.mp3"
Aug 30 21:25 : player: played "Metal/On My Own.mp3"
Aug 30 21:33 : player: played "Metal/Avenged Sevenfold/Critical_Acclaim.mp3"
Aug 30 21:42 : exception: Failed to open /home/arjun/.config/mpd/playlists: No such file or directory
Aug 30 21:45 : player: played "Metal/Avenged Sevenfold/Hail_to_the_King.mp3"
Aug 30 21:51 : player: played "Pop/Heat_Waves.mp3"
Aug 30 21:54 : player: played "Pop/INDUSTRY_BABY__feat__Jack_Harlow_.mp3"
Aug 30 22:16 : player: played "Pop/Love_The_Way_You_Lie__Part_II____Pt__2.mp3"
Aug 31 14:37 : update: added Anime/Just_Awake.mp3
Aug 31 14:37 : update: added Anime/asphyxia.mp3
Aug 31 14:37 : update: added Anime/Black_Catcher.mp3
Aug 31 14:37 : update: added Anime/Black_Rover.mp3
Aug 31 14:37 : update: added Anime/boruto song.mp3
Aug 31 14:37 : update: added Anime/crossing_field.mp3
Aug 31 14:37 : update: added Anime/Gurenge (Demon Slayer) - Remix.mp3
Aug 31 14:37 : update: added Anime/Gurenge.mp3
Aug 31 14:37 : update: added Anime/Haikyuu OP song 1.mp3
Aug 31 14:37 : update: added Anime/Kaikai_Kitan.mp3
Aug 31 14:37 : update: added Anime/kawaki wo ameku.mp3
Aug 31 14:37 : update: added Anime/Kimi_No_Toriko.mp3
Aug 31 14:37 : update: added Anime/KISS_OF_DEATH_Produced_by_HYDE_.mp3
Aug 31 14:37 : update: added Anime/Let_Me_Hear.mp3
Aug 31 14:37 : update: added Anime/Mrs Green Apple Inferno_.mp3
Aug 31 14:37 : update: added Anime/unravel.mp3
Aug 31 14:37 : update: added Anime/Untitled_world.mp3
Aug 31 14:37 : update: added Anime/Yoru ni Kakeru.mp3
Aug 31 14:37 : update: added Metal/Avenged Sevenfold/Critical_Acclaim.mp3
Aug 31 14:37 : update: added Metal/Avenged Sevenfold/Hail_to_the_King.mp3
Aug 31 14:37 : update: added Metal/Avenged Sevenfold/M_I_A_.mp3
Aug 31 14:37 : update: added Metal/Back_In_Black.mp3
Aug 31 14:37 : update: added Metal/On My Own.mp3
Aug 31 14:37 : update: added Metal/Requiem.mp3
Aug 31 14:37 : update: added Metal/The_Sin_and_the_Sentence.mp3
Aug 31 14:37 : update: added /Nyu.mp3
Aug 31 14:37 : update: added Pop/Blank_Space.mp3
Aug 31 14:37 : update: added Pop/Blinding_Lights.mp3
Aug 31 14:37 : update: added Pop/Cradles.mp3
Aug 31 14:37 : update: added Pop/Everyday_Normal_Guy_2.mp3
Aug 31 14:37 : update: added Pop/Heat_Waves.mp3
Aug 31 14:37 : update: added Pop/INDUSTRY_BABY__feat__Jack_Harlow_.mp3
Aug 31 14:37 : update: added Pop/I_Knew_You_Were_Trouble_.mp3
Aug 31 14:37 : update: added Pop/Love_The_Way_You_Lie__Part_II____Pt__2.mp3
Aug 31 14:37 : update: added Pop/MONTERO__Call_Me_By_Your_Name_.mp3
Aug 31 14:37 : update: added Pop/Seven You.mp3
Aug 31 14:37 : update: added Pop/Shake_It_Off.mp3
Aug 31 14:37 : update: added Pop/STAY (with Justin Bieber).mp3
Aug 31 14:37 : update: added Pop/SugarCrash_.mp3
Aug 31 14:37 : update: added Pop/The_Search.mp3
Aug 31 14:37 : update: added Pop/This_Love__Taylor_s_Version_.mp3
Aug 31 14:37 : update: added Pop/Toxic.mp3
Aug 31 14:37 : update: added Pop/Wildest_Dreams__Taylor_s_Version_.mp3
Aug 31 14:37 : update: added This_Is_Polyphia/40oz.mp3
Aug 31 14:37 : update: added This_Is_Polyphia/Champagne.mp3
Aug 31 14:37 : update: added This_Is_Polyphia/Goose.mp3
Aug 31 14:37 : update: added This_Is_Polyphia/G_O_A_T_.mp3
WARNING: Unhandled message: interface=org.freedesktop.DBus, path=/org/freedesktop/DBus, member=ActivatableServicesChanged
WARNING: Unhandled message: interface=org.freedesktop.DBus, path=/org/freedesktop/DBus, member=ActivatableServicesChanged
WARNING: Unhandled message: interface=org.freedesktop.DBus, path=/org/freedesktop/DBus, member=ActivatableServicesChanged
WARNING: Unhandled message: interface=org.freedesktop.DBus, path=/org/freedesktop/DBus, member=ActivatableServicesChanged
WARNING: Unhandled message: interface=org.freedesktop.DBus, path=/org/freedesktop/DBus, member=ActivatableServicesChanged
WARNING: Unhandled message: interface=org.freedesktop.DBus, path=/org/freedesktop/DBus, member=ActivatableServicesChanged
Aug 31 14:29 : exception: Failed to open /home/arjun/.config/mpd/playlists: No such file or directory
Aug 31 15:40 : player: played "Pop/Love_The_Way_You_Lie__Part_II____Pt__2.mp3"
Aug 31 22:59 : player: played "Pop/Love_The_Way_You_Lie__Part_II____Pt__2.mp3"
